app/manifest-merger-release-report.txt
-- Merging decision tree log ---
manifest
ADDED from AndroidManifest.xml:2:1
	xmlns:android
		ADDED from AndroidManifest.xml:2:11
	package
		ADDED from AndroidManifest.xml:3:5
		INJECTED from AndroidManifest.xml:0:0
		INJECTED from AndroidManifest.xml:0:0
	android:versionName
		INJECTED from AndroidManifest.xml:0:0
		INJECTED from AndroidManifest.xml:0:0
	android:versionCode
		INJECTED from AndroidManifest.xml:0:0
		INJECTED from AndroidManifest.xml:0:0
application
ADDED from AndroidManifest.xml:5:5
MERGED from com.android.support:appcompat-v7:23.3.0:25:5
MERGED from com.android.support:support-vector-drawable:23.3.0:7:5
MERGED from com.android.support:support-v4:23.3.0:22:5
MERGED from com.android.support:animated-vector-drawable:23.3.0:7:5
MERGED from com.android.support:support-vector-drawable:23.3.0:7:5
MERGED from com.android.support:support-v4:23.3.0:22:5
MERGED from com.android.support:support-v4:23.3.0:22:5
MERGED from com.android.support:cardview-v7:23.3.0:22:5
MERGED from com.android.support:support-v4:23.3.0:22:5
MERGED from com.android.support:design:23.3.0:22:5
MERGED from com.android.support:appcompat-v7:23.3.0:25:5
MERGED from com.android.support:support-vector-drawable:23.3.0:7:5
MERGED from com.android.support:support-v4:23.3.0:22:5
MERGED from com.android.support:animated-vector-drawable:23.3.0:7:5
MERGED from com.android.support:support-vector-drawable:23.3.0:7:5
MERGED from com.android.support:support-v4:23.3.0:22:5
MERGED from com.android.support:support-v4:23.3.0:22:5
MERGED from com.android.support:support-v4:23.3.0:22:5
MERGED from com.android.support:support-v4:23.3.0:22:5
MERGED from com.github.clans:fab:1.6.4:12:5
MERGED from com.android.support:appcompat-v7:23.3.0:25:5
MERGED from com.android.support:support-vector-drawable:23.3.0:7:5
MERGED from com.android.support:support-v4:23.3.0:22:5
MERGED from com.android.support:animated-vector-drawable:23.3.0:7:5
MERGED from com.android.support:support-vector-drawable:23.3.0:7:5
MERGED from com.android.support:support-v4:23.3.0:22:5
MERGED from com.android.support:support-v4:23.3.0:22:5
MERGED from com.github.ozodrukh:CircularReveal:1.1.1:10:5
MERGED from com.android.support:appcompat-v7:23.3.0:25:5
MERGED from com.android.support:support-vector-drawable:23.3.0:7:5
MERGED from com.android.support:support-v4:23.3.0:22:5
MERGED from com.android.support:animated-vector-drawable:23.3.0:7:5
MERGED from com.android.support:support-vector-drawable:23.3.0:7:5
MERGED from com.android.support:support-v4:23.3.0:22:5
MERGED from com.android.support:support-v4:23.3.0:22:5
MERGED from com.github.jorgecastilloprz:fillableloaders:1.02:9:5
MERGED from com.android.support:support-v4:23.3.0:22:5
MERGED from com.android.support:appcompat-v7:23.3.0:25:5
MERGED from com.android.support:support-vector-drawable:23.3.0:7:5
MERGED from com.android.support:support-v4:23.3.0:22:5
MERGED from com.android.support:animated-vector-drawable:23.3.0:7:5
MERGED from com.android.support:support-vector-drawable:23.3.0:7:5
MERGED from com.android.support:support-v4:23.3.0:22:5
MERGED from com.android.support:support-v4:23.3.0:22:5
	android:label
		ADDED from AndroidManifest.xml:8:9
	android:allowBackup
		ADDED from AndroidManifest.xml:6:9
	android:icon
		ADDED from AndroidManifest.xml:7:9
	android:theme
		ADDED from AndroidManifest.xml:9:9
activity#com.production.ksm.medicalinternships.SplashScreen
ADDED from AndroidManifest.xml:10:9
	android:label
		ADDED from AndroidManifest.xml:13:13
	android:icon
		ADDED from AndroidManifest.xml:12:13
	android:name
		ADDED from AndroidManifest.xml:11:13
intent-filter#android.intent.action.MAIN+android.intent.category.LAUNCHER
ADDED from AndroidManifest.xml:14:13
action#android.intent.action.MAIN
ADDED from AndroidManifest.xml:15:17
	android:name
		ADDED from AndroidManifest.xml:15:25
category#android.intent.category.LAUNCHER
ADDED from AndroidManifest.xml:17:17
	android:name
		ADDED from AndroidManifest.xml:17:27
activity#com.production.ksm.medicalinternships.MainActivity
ADDED from AndroidManifest.xml:20:9
	android:label
		ADDED from AndroidManifest.xml:22:13
	android:name
		ADDED from AndroidManifest.xml:21:13
activity#com.production.ksm.medicalinternships.ChooseCountry
ADDED from AndroidManifest.xml:24:9
	android:label
		ADDED from AndroidManifest.xml:26:13
	android:name
		ADDED from AndroidManifest.xml:25:13
activity#com.production.ksm.medicalinternships.Austria
ADDED from AndroidManifest.xml:28:9
	android:label
		ADDED from AndroidManifest.xml:30:13
	android:name
		ADDED from AndroidManifest.xml:29:13
activity#com.production.ksm.medicalinternships.Germany
ADDED from AndroidManifest.xml:32:9
	android:label
		ADDED from AndroidManifest.xml:34:13
	android:name
		ADDED from AndroidManifest.xml:33:13
activity#com.production.ksm.medicalinternships.Australia
ADDED from AndroidManifest.xml:36:9
	android:label
		ADDED from AndroidManifest.xml:38:13
	android:name
		ADDED from AndroidManifest.xml:37:13
activity#com.production.ksm.medicalinternships.Usa
ADDED from AndroidManifest.xml:40:9
	android:label
		ADDED from AndroidManifest.xml:42:13
	android:name
		ADDED from AndroidManifest.xml:41:13
activity#com.production.ksm.medicalinternships.Czech
ADDED from AndroidManifest.xml:44:9
	android:label
		ADDED from AndroidManifest.xml:46:13
	android:name
		ADDED from AndroidManifest.xml:45:13
activity#com.production.ksm.medicalinternships.SouthKorea
ADDED from AndroidManifest.xml:48:9
	android:label
		ADDED from AndroidManifest.xml:50:13
	android:name
		ADDED from AndroidManifest.xml:49:13
activity#com.production.ksm.medicalinternships.GeneralEng
ADDED from AndroidManifest.xml:52:9
	android:label
		ADDED from AndroidManifest.xml:54:13
	android:name
		ADDED from AndroidManifest.xml:53:13
activity#com.production.ksm.medicalinternships.IeltsToefl
ADDED from AndroidManifest.xml:56:9
	android:label
		ADDED from AndroidManifest.xml:58:13
	android:name
		ADDED from AndroidManifest.xml:57:13
activity#com.production.ksm.medicalinternships.SelectLanguageCourses
ADDED from AndroidManifest.xml:60:9
	android:label
		ADDED from AndroidManifest.xml:62:13
	android:name
		ADDED from AndroidManifest.xml:61:13
activity#com.production.ksm.medicalinternships.Israel
ADDED from AndroidManifest.xml:64:9
	android:label
		ADDED from AndroidManifest.xml:66:13
	android:name
		ADDED from AndroidManifest.xml:65:13
activity#com.production.ksm.medicalinternships.MedEng
ADDED from AndroidManifest.xml:68:9
	android:label
		ADDED from AndroidManifest.xml:70:13
	android:name
		ADDED from AndroidManifest.xml:69:13
activity#com.production.ksm.medicalinternships.usa.About_us
ADDED from AndroidManifest.xml:72:9
	android:label
		ADDED from AndroidManifest.xml:74:13
	android:name
		ADDED from AndroidManifest.xml:73:13
uses-sdk
INJECTED from AndroidManifest.xml:0:0 reason: use-sdk injection requested
MERGED from com.android.support:appcompat-v7:23.3.0:21:5
MERGED from com.android.support:support-vector-drawable:23.3.0:5:5
MERGED from com.android.support:support-v4:23.3.0:20:5
MERGED from com.android.support:animated-vector-drawable:23.3.0:5:5
MERGED from com.android.support:support-vector-drawable:23.3.0:5:5
MERGED from com.android.support:support-v4:23.3.0:20:5
MERGED from com.android.support:support-v4:23.3.0:20:5
MERGED from com.android.support:cardview-v7:23.3.0:20:5
MERGED from com.android.support:recyclerview-v7:23.3.0:20:5
MERGED from com.android.support:support-v4:23.3.0:20:5
MERGED from com.android.support:design:23.3.0:20:5
MERGED from com.android.support:appcompat-v7:23.3.0:21:5
MERGED from com.android.support:support-vector-drawable:23.3.0:5:5
MERGED from com.android.support:support-v4:23.3.0:20:5
MERGED from com.android.support:animated-vector-drawable:23.3.0:5:5
MERGED from com.android.support:support-vector-drawable:23.3.0:5:5
MERGED from com.android.support:support-v4:23.3.0:20:5
MERGED from com.android.support:support-v4:23.3.0:20:5
MERGED from com.android.support:support-v4:23.3.0:20:5
MERGED from com.android.support:recyclerview-v7:23.3.0:20:5
MERGED from com.android.support:support-v4:23.3.0:20:5
MERGED from com.github.clans:fab:1.6.4:8:5
MERGED from com.github.ViksaaSkool:AwesomeSplash:v1.0.0:7:5
MERGED from com.daimajia.androidanimations:library:1.1.3:8:5
MERGED from com.daimajia.easing:library:1.0.1:8:5
MERGED from com.android.support:appcompat-v7:23.3.0:21:5
MERGED from com.android.support:support-vector-drawable:23.3.0:5:5
MERGED from com.android.support:support-v4:23.3.0:20:5
MERGED from com.android.support:animated-vector-drawable:23.3.0:5:5
MERGED from com.android.support:support-vector-drawable:23.3.0:5:5
MERGED from com.android.support:support-v4:23.3.0:20:5
MERGED from com.android.support:support-v4:23.3.0:20:5
MERGED from com.github.ozodrukh:CircularReveal:1.1.1:6:5
MERGED from com.daimajia.easing:library:1.0.1:8:5
MERGED from com.android.support:appcompat-v7:23.3.0:21:5
MERGED from com.android.support:support-vector-drawable:23.3.0:5:5
MERGED from com.android.support:support-v4:23.3.0:20:5
MERGED from com.android.support:animated-vector-drawable:23.3.0:5:5
MERGED from com.android.support:support-vector-drawable:23.3.0:5:5
MERGED from com.android.support:support-v4:23.3.0:20:5
MERGED from com.android.support:support-v4:23.3.0:20:5
MERGED from com.github.jorgecastilloprz:fillableloaders:1.02:5:5
MERGED from com.android.support:support-v4:23.3.0:20:5
MERGED from com.android.support:appcompat-v7:23.3.0:21:5
MERGED from com.android.support:support-vector-drawable:23.3.0:5:5
MERGED from com.android.support:support-v4:23.3.0:20:5
MERGED from com.android.support:animated-vector-drawable:23.3.0:5:5
MERGED from com.android.support:support-vector-drawable:23.3.0:5:5
MERGED from com.android.support:support-v4:23.3.0:20:5
MERGED from com.android.support:support-v4:23.3.0:20:5
	android:targetSdkVersion
		INJECTED from AndroidManifest.xml:0:0
		INJECTED from AndroidManifest.xml:0:0
	android:minSdkVersion
		INJECTED from AndroidManifest.xml:0:0
		INJECTED from AndroidManifest.xml:0:0
	tools:overrideLibrary
		ADDED from com.android.support:appcompat-v7:23.3.0:23:9